Arguments: 
  C:\Program Files\nodejs\node.exe C:\Program Files (x86)\Yarn\bin\yarn.js cache clean

PATH: 
  C:\Program Files (x86)\Yarn\bin;C:\ProgramData\Oracle\Java\javapath;H:\Anaconda2;H:\Anaconda2\Library\mingw-w64\bin;H:\Anaconda2\Library\usr\bin;H:\Anaconda2\Library\bin;H:\Anaconda2\Scripts;C:\Program Files\NVIDIA GPU Computing Toolkit\CUDA\v8.0\bin;C:\Program Files\NVIDIA GPU Computing Toolkit\CUDA\v8.0\libnvvp;C:\Program Files\Microsoft MPI\Bin\;C:\Windows\system32;C:\Windows;C:\Windows\System32\Wbem;C:\Windows\System32\WindowsPowerShell\v1.0\;C:\Program Files\Microsoft SQL Server\Client SDK\ODBC\130\Tools\Binn\;C:\Program Files (x86)\Microsoft SQL Server\130\Tools\Binn\;C:\Program Files\Microsoft SQL Server\130\Tools\Binn\;C:\Program Files\Microsoft SQL Server\130\DTS\Binn\;C:\Program Files\dotnet\;C:\Program Files (x86)\Microsoft SQL Server\Client SDK\ODBC\130\Tools\Binn\;C:\Program Files (x86)\Microsoft SQL Server\140\Tools\Binn\;C:\Program Files (x86)\Microsoft SQL Server\140\DTS\Binn\;C:\Program Files (x86)\Microsoft SQL Server\140\Tools\Binn\ManagementStudio\;C:\Program Files\Git\cmd;C:\WINDOWS\system32;C:\WINDOWS;C:\WINDOWS\System32\Wbem;C:\WINDOWS\System32\WindowsPowerShell\v1.0\;C:\Program Files\TortoiseGit\bin;C:\Program Files (x86)\NVIDIA Corporation\PhysX\Common;C:\Program Files\010 Editor;C:\swigwin-3.0.12;C:\Program Files\CMake\bin;C:\or-tools\tools;C:\Program Files\TortoiseSVN\bin;C:\Program Files (x86)\Android\android-sdk\tools;C:\Program Files (x86)\Android\android-sdk\platform-tools;C:\gradle\bin;C:\run;C:\Program Files\Java\jdk1.8.0_151\bin;C:\Program Files\wkhtmltopdf\bin;C:\Program Files (x86)\Microsoft Visual Studio\Preview\Enterprise\MSBuild\15.0\Bin;C:\vcpkg;C:\Program Files\nodejs\;C:\Anaconda2;C:\Anaconda2\Library\mingw-w64\bin;C:\Anaconda2\Library\usr\bin;C:\Anaconda2\Library\bin;C:\Anaconda2\Scripts;C:\Users\Purple Tentacle\AppData\Local\Microsoft\WindowsApps;C:\Users\Purple Tentacle\AppData\Local\Programs\Fiddler;C:\Program Files (x86)\Nmap;C:\Users\Purple Tentacle\AppData\Local\Yarn\bin;C:\Users\Purple Tentacle\AppData\Roaming\npm;C:\Users\Purple Tentacle\.dotnet\tools

Yarn version: 
  1.3.2

Node version: 
  9.5.0

Platform: 
  win32 x64

npm manifest: 
  {
  	"name": "darkengines",
  	"version": "1.0.0",
  	"main": "index.js",
  	"author": "Florent Tollin de Rivarol",
  	"license": "MIT",
  	"flat": true,
  	"dependencies": {
  		"@polymer/app-layout": "^3.0.0-pre.12",
  		"@polymer/paper-checkbox": "^3.0.0-pre.12",
  		"@polymer/paper-icon-button": "^3.0.0-pre.12",
  		"@polymer/paper-input": "^3.0.0-pre.12",
  		"@polymer/polymer": "^3.0.0-pre.12",
  		"@webcomponents/webcomponentsjs": "^1.0.8",
  		"darkengines-polymer3-decorators": "^0.0.1",
  		"lodash": "^4.17.4",
  		"reflect-metadata": "^0.1.10"
  	},
  	"scripts": {
  		"start": "webpack-dev-server --open --config ./build/webpack.dev.conf.js",
  		"build": "webpack --config ./build/webpack.prod.conf.js",
  		"deploy": "firebase deploy"
  	},
  	"resolutions": {
  		"acorn": "5.1.1",
  		"ajv": "5.2.2",
  		"yargs": "8.0.2",
  		"inherits": "2.0.3",
  		"string_decoder": "0.10.31",
  		"minimist": "0.0.8",
  		"punycode": "1.4.1",
  		"hash-base": "2.0.2",
  		"camelcase": "4.1.0",
  		"cliui": "3.2.0",
  		"kind-of": "3.2.2",
  		"is-number": "2.1.0",
  		"string-width": "2.1.1",
  		"strip-ansi": "3.0.1",
  		"is-fullwidth-code-point": "2.0.0",
  		"ansi-regex": "2.1.1",
  		"assert-plus": "0.2.0",
  		"uglify-js": "2.8.29",
  		"loader-utils": "1.1.0",
  		"readable-stream": "2.3.5",
  		"isarray": "1.0.0",
  		"utila": "0.4.0",
  		"domutils": "1.5.1",
  		"domelementtype": "1.3.0",
  		"rimraf": "2.6.1",
  		"async": "2.5.0",
  		"supports-color": "4.2.1",
  		"has-flag": "2.0.0",
  		"is-glob": "2.0.1",
  		"is-extglob": "1.0.0",
  		"qs": "6.4.0",
  		"uuid": "3.1.0",
  		"os-locale": "2.1.0",
  		"read-pkg-up": "2.0.0",
  		"which-module": "2.0.0",
  		"yargs-parser": "7.0.0",
  		"find-up": "2.1.0",
  		"read-pkg": "2.0.0",
  		"path-exists": "3.0.0",
  		"load-json-file": "2.0.0",
  		"path-type": "2.0.0",
  		"pify": "2.3.0",
  		"strip-bom": "3.0.0",
  		"array-flatten": "2.1.1",
  		"mime": "1.4.0",
  		"faye-websocket": "0.11.1",
  		"url-parse": "1.1.9",
  		"querystringify": "1.0.0",
  		"glob": "7.1.2",
  		"bluebird": "3.5.0",
  		"mime-db": "1.30.0",
  		"globby": "7.1.1",
  		"y18n": "4.0.0",
  		"process-nextick-args": "2.0.0",
  		"source-map": "0.6.1",
  		"braces": "2.3.1",
  		"glob-parent": "3.1.0",
  		"micromatch": "3.1.10",
  		"arr-diff": "4.0.0",
  		"array-unique": "0.3.2",
  		"define-property": "2.0.2",
  		"extend-shallow": "3.0.2",
  		"extglob": "2.0.4",
  		"is-descriptor": "1.0.2",
  		"isobject": "3.0.1",
  		"is-accessor-descriptor": "1.0.0",
  		"is-data-descriptor": "1.0.0",
  		"is-extendable": "1.0.1",
  		"expand-brackets": "2.1.4",
  		"debug": "3.1.0",
  		"has-value": "1.0.0",
  		"set-value": "2.0.0",
  		"has-values": "1.0.0",
  		"fill-range": "4.0.0",
  		"extsprintf": "1.4.0",
  		"depd": "1.1.2",
  		"setprototypeof": "1.1.0",
  		"statuses": "1.5.0",
  		"http-errors": "1.6.3",
  		"recast": "0.14.7",
  		"ast-types": "0.11.3",
  		"esprima": "4.0.0",
  		"chalk": "2.3.2",
  		"enhanced-resolve": "4.0.0",
  		"ansi-styles": "3.2.1",
  		"tapable": "1.0.0",
  		"cross-spawn": "6.0.5",
  		"parse-json": "4.0.0",
  		"got": "8.3.0",
  		"inquirer": "5.2.0",
  		"jscodeshift": "0.5.0",
  		"log-symbols": "2.2.0",
  		"lowercase-keys": "1.0.1",
  		"p-cancelable": "0.4.0",
  		"p-timeout": "2.0.1",
  		"url-parse-lax": "3.0.0",
  		"prepend-http": "2.0.0",
  		"ansi-escapes": "3.1.0",
  		"cli-cursor": "2.1.0",
  		"figures": "2.0.0",
  		"restore-cursor": "2.0.0",
  		"onetime": "2.0.1",
  		"symbol-observable": "1.0.1",
  		"babylon": "7.0.0-beta.42",
  		"colors": "1.2.1",
  		"jsesc": "1.3.0",
  		"indent-string": "3.2.0",
  		"vinyl": "2.1.0",
  		"clone": "2.1.2",
  		"clone-stats": "1.0.0",
  		"replace-ext": "1.0.0",
  		"commander": "2.15.1"
  	},
  	"devDependencies": {
  		"clean-webpack-plugin": "^0.1.16",
  		"copy-webpack-plugin": "^4.0.1",
  		"html-loader": "^0.5.1",
  		"html-webpack-plugin": "^3.1.0",
  		"ts-loader": "^4.1.0",
  		"typescript": "^2.3.4",
  		"webpack": "^4.4.1",
  		"webpack-cli": "^2.0.13",
  		"webpack-dev-server": "^3.1.1"
  	}
  }

yarn manifest: 
  No manifest

Lockfile: 
  No lockfile

Trace: 
  Error: EPERM: operation not permitted, mkdir 'C:\Users\Purple Tentacle\AppData\Local\Yarn\cache\v1'
